<?xml version="1.0" ?>
<!DOCTYPE coverage SYSTEM "http://cobertura.sourceforge.net/xml/coverage-04.dtd">
<coverage lines-valid="45"  lines-covered="38"  line-rate="0.8443999999999999"  branches-valid="64"  branches-covered="23"  branch-rate="0.3594"  timestamp="1385335671735" complexity="0" version="0.1">
<sources>
	<source>d:\web\infrastructure_9_karma</source>
</sources>
<packages>
	<package name="..src.js.app.libs"  line-rate="0.8332999999999999"  branch-rate="0.5" >
	<classes>
		<class name="auth.js"  filename="./src/js/app/libs/auth.js"  line-rate="1"  branch-rate="0.5" >
		<methods>
			<method name="(anonymous_1)"  hits="2"  signature="()V" >
				<lines><line number="6"  hits="2" /></lines>
			</method>
		</methods>
		<lines>
			<line number="1"  hits="2"  branch="true"  condition-coverage="50% (1/2)" />
			<line number="2"  hits="6"  branch="true"  condition-coverage="50% (1/2)" />
			<line number="3"  hits="1"  branch="false" />
			<line number="5"  hits="1"  branch="false" />
			<line number="6"  hits="5"  branch="false" />
		</lines>
		</class>
		<class name="calc.js"  filename="./src/js/app/libs/calc.js"  line-rate="0.8"  branch-rate="0.5" >
		<methods>
			<method name="(anonymous_1)"  hits="2"  signature="()V" >
				<lines><line number="6"  hits="2" /></lines>
			</method>
		</methods>
		<lines>
			<line number="1"  hits="2"  branch="true"  condition-coverage="50% (1/2)" />
			<line number="2"  hits="1"  branch="true"  condition-coverage="50% (1/2)" />
			<line number="3"  hits="0"  branch="false" />
			<line number="5"  hits="1"  branch="false" />
			<line number="6"  hits="1"  branch="false" />
		</lines>
		</class>
		<class name="console.js"  filename="./src/js/app/libs/console.js"  line-rate="0.8"  branch-rate="0.5" >
		<methods>
			<method name="(anonymous_1)"  hits="2"  signature="()V" >
				<lines><line number="6"  hits="2" /></lines>
			</method>
		</methods>
		<lines>
			<line number="1"  hits="2"  branch="true"  condition-coverage="50% (1/2)" />
			<line number="2"  hits="1"  branch="true"  condition-coverage="50% (1/2)" />
			<line number="3"  hits="0"  branch="false" />
			<line number="5"  hits="1"  branch="false" />
			<line number="6"  hits="1"  branch="false" />
		</lines>
		</class>
		<class name="docs.js"  filename="./src/js/app/libs/docs.js"  line-rate="0.8"  branch-rate="0.5" >
		<methods>
			<method name="(anonymous_1)"  hits="2"  signature="()V" >
				<lines><line number="6"  hits="2" /></lines>
			</method>
		</methods>
		<lines>
			<line number="1"  hits="2"  branch="true"  condition-coverage="50% (1/2)" />
			<line number="2"  hits="1"  branch="true"  condition-coverage="50% (1/2)" />
			<line number="3"  hits="0"  branch="false" />
			<line number="5"  hits="1"  branch="false" />
			<line number="6"  hits="1"  branch="false" />
		</lines>
		</class>
		<class name="math.js"  filename="./src/js/app/libs/math.js"  line-rate="0.8"  branch-rate="0.5" >
		<methods>
			<method name="(anonymous_1)"  hits="2"  signature="()V" >
				<lines><line number="6"  hits="2" /></lines>
			</method>
		</methods>
		<lines>
			<line number="1"  hits="2"  branch="true"  condition-coverage="50% (1/2)" />
			<line number="2"  hits="1"  branch="true"  condition-coverage="50% (1/2)" />
			<line number="3"  hits="0"  branch="false" />
			<line number="5"  hits="1"  branch="false" />
			<line number="6"  hits="1"  branch="false" />
		</lines>
		</class>
		<class name="ui.js"  filename="./src/js/app/libs/ui.js"  line-rate="0.8"  branch-rate="0.5" >
		<methods>
			<method name="(anonymous_1)"  hits="2"  signature="()V" >
				<lines><line number="6"  hits="2" /></lines>
			</method>
		</methods>
		<lines>
			<line number="1"  hits="2"  branch="true"  condition-coverage="50% (1/2)" />
			<line number="2"  hits="1"  branch="true"  condition-coverage="50% (1/2)" />
			<line number="3"  hits="0"  branch="false" />
			<line number="5"  hits="1"  branch="false" />
			<line number="6"  hits="1"  branch="false" />
		</lines>
		</class>
	</classes>
	</package>
	<package name="..src.js.app.vanilla"  line-rate="0.8667"  branch-rate="0.275" >
	<classes>
		<class name="controller.js"  filename="./src/js/app/vanilla/controller.js"  line-rate="1"  branch-rate="0.5" >
		<methods>
			<method name="(anonymous_1)"  hits="2"  signature="()V" >
				<lines><line number="6"  hits="2" /></lines>
			</method>
			<method name="(anonymous_2)"  hits="2"  signature="()V" >
				<lines><line number="6"  hits="2" /></lines>
			</method>
			<method name="Controller"  hits="2"  signature="()V" >
				<lines><line number="6"  hits="2" /></lines>
			</method>
			<method name="(anonymous_4)"  hits="0"  signature="()V" >
				<lines><line number="6"  hits="0" /></lines>
			</method>
		</methods>
		<lines>
			<line number="1"  hits="2"  branch="true"  condition-coverage="50% (1/2)" />
			<line number="2"  hits="1"  branch="true"  condition-coverage="50% (1/2)" />
			<line number="3"  hits="1"  branch="false" />
			<line number="5"  hits="2"  branch="false" />
			<line number="6"  hits="2"  branch="false" />
		</lines>
		</class>
		<class name="store.js"  filename="./src/js/app/vanilla/store.js"  line-rate="0.8"  branch-rate="0.20829999999999999" >
		<methods>
			<method name="(anonymous_1)"  hits="2"  signature="()V" >
				<lines><line number="6"  hits="2" /></lines>
			</method>
			<method name="Store"  hits="0"  signature="()V" >
				<lines><line number="6"  hits="0" /></lines>
			</method>
			<method name="(anonymous_3)"  hits="0"  signature="()V" >
				<lines><line number="6"  hits="0" /></lines>
			</method>
			<method name="(anonymous_4)"  hits="0"  signature="()V" >
				<lines><line number="6"  hits="0" /></lines>
			</method>
			<method name="(anonymous_5)"  hits="0"  signature="()V" >
				<lines><line number="6"  hits="0" /></lines>
			</method>
			<method name="(anonymous_6)"  hits="0"  signature="()V" >
				<lines><line number="6"  hits="0" /></lines>
			</method>
			<method name="(anonymous_7)"  hits="0"  signature="()V" >
				<lines><line number="6"  hits="0" /></lines>
			</method>
			<method name="(anonymous_8)"  hits="0"  signature="()V" >
				<lines><line number="6"  hits="0" /></lines>
			</method>
			<method name="(anonymous_9)"  hits="0"  signature="()V" >
				<lines><line number="6"  hits="0" /></lines>
			</method>
			<method name="(anonymous_10)"  hits="0"  signature="()V" >
				<lines><line number="6"  hits="0" /></lines>
			</method>
			<method name="(anonymous_11)"  hits="0"  signature="()V" >
				<lines><line number="6"  hits="0" /></lines>
			</method>
		</methods>
		<lines>
			<line number="1"  hits="2"  branch="true"  condition-coverage="100% (2/2)" />
			<line number="2"  hits="1"  branch="true"  condition-coverage="50% (1/2)" />
			<line number="3"  hits="0"  branch="false" />
			<line number="5"  hits="1"  branch="false" />
			<line number="6"  hits="1"  branch="true"  condition-coverage="10% (2/20)" />
		</lines>
		</class>
		<class name="view.js"  filename="./src/js/app/vanilla/view.js"  line-rate="0.8"  branch-rate="0.3333" >
		<methods>
			<method name="(anonymous_1)"  hits="2"  signature="()V" >
				<lines><line number="6"  hits="2" /></lines>
			</method>
			<method name="View"  hits="0"  signature="()V" >
				<lines><line number="6"  hits="0" /></lines>
			</method>
			<method name="(anonymous_3)"  hits="0"  signature="()V" >
				<lines><line number="6"  hits="0" /></lines>
			</method>
			<method name="(anonymous_4)"  hits="0"  signature="()V" >
				<lines><line number="6"  hits="0" /></lines>
			</method>
			<method name="(anonymous_5)"  hits="0"  signature="()V" >
				<lines><line number="6"  hits="0" /></lines>
			</method>
		</methods>
		<lines>
			<line number="1"  hits="2"  branch="true"  condition-coverage="100% (2/2)" />
			<line number="2"  hits="1"  branch="true"  condition-coverage="50% (1/2)" />
			<line number="3"  hits="0"  branch="false" />
			<line number="5"  hits="2"  branch="false" />
			<line number="6"  hits="1"  branch="true"  condition-coverage="12.5% (1/8)" />
		</lines>
		</class>
	</classes>
	</package>
</packages>
</coverage>
